2024-11-01 16:02:08,351 - user/router.py - register_user[Регистрация]: Попытка регистрации юзера
2024-11-01 16:02:08,352 - db/dao.py - find_one_or_none [Работа с БД]: Поиск и возврат одного экземпляра модели по переданному параметру {'email': 'testingmain@mail.ru'} или None
2024-11-01 16:02:08,506 - user/auth.py - get_password_hash[Работа с БД]: Вызов функции
2024-11-01 16:02:08,738 - db/dao.py - add[Работа с БД]: Запись {'email': 'testingmain@mail.ru', 'name': 'RazDva', 'password': '$2b$12$.af6WDpJT8.0XJb67PmUDeKT0FZAsw9Adxrcaauc1uqPy7y4jFraG'} была добавлена в БД
2024-11-01 16:02:08,738 - user/auth.py - authenticate_user[Работа с БД]: Вызов функции
2024-11-01 16:02:08,739 - db/dao.py - find_one_or_none [Работа с БД]: Поиск и возврат одного экземпляра модели по переданному параметру {'email': 'testingmain@mail.ru'} или None
2024-11-01 16:02:08,740 - user/auth.py - verify_password[Работа с БД]: Вызов функции, проверка на валидность пароля
2024-11-01 16:02:08,948 - user/auth.py - authenticate_user[Работа с БД]: Успешная проверка на наличие пользователя testingmain@mail.ru в БД
2024-11-01 16:02:08,949 - user/auth.py - create_access_token: Генерация токена: {'sub': '11'}
2024-11-01 16:02:08,949 - config.py - get_auth_data: Передаем secret_key и algorithm
2024-11-01 16:02:08,949 - user/auth.py - create_access_token: Возврат токена: eyJhbGciOiJIUzI1NiIsInR5cCI6IkpXVCJ9.eyJzdWIiOiIxMSIsImV4cCI6MTczMzA1ODEyOH0.Gw2Q9gR31fapBrIjVqJbkDOtonkJfDH2d_4IBa6nh1o
2024-11-01 16:02:08,949 - user/router.py - register_user[Регистрация]: Пользователь: email='testingmain@mail.ru' name='RazDva' password='Password1!' успешно зарегистрирован
2024-11-01 16:02:08,963 - Переход на страницу /chat
2024-11-01 16:02:12,899 - user/dependencies.py - get_current_user: Получаем данные из токена: eyJhbGciOiJIUzI1NiIsInR5cCI6IkpXVCJ9.eyJzdWIiOiIxMSIsImV4cCI6MTczMzA1ODEyOH0.Gw2Q9gR31fapBrIjVqJbkDOtonkJfDH2d_4IBa6nh1o
2024-11-01 16:02:12,899 - config.py - get_auth_data: Передаем secret_key и algorithm
2024-11-01 16:02:12,899 - db/dao.py - find_one_or_none_by_id [Работа с БД]: Поиск и возврат одного экземпляра модели по data_id: 11 или None
2024-11-01 16:02:12,902 - user/dependencies.py - get_current_user[Аутентификация]: Получаем данные о пользователе с ID: 11
2024-11-01 16:02:12,903 - chat/router.py - /messages [POST]: Отправка сообщения пользователем: RazDva
2024-11-01 16:02:12,910 - db/dao.py - add[Работа с БД]: Запись {'sender_id': 11, 'content': 'f', 'recipient_id': 1} была добавлена в БД
2024-11-01 16:02:12,910 - chat/router.py - /messages [POST]: Cообщение отправлено пользователем: RazDva, ID: 11, и добавлено в БД
